TN:
SF:src\domain\geometry.ts
FN:10,euclideanDistance
FNF:1
FNH:1
FNDA:9,euclideanDistance
DA:10,1
DA:11,9
DA:12,9
LF:3
LH:3
BRDA:10,0,0,9
BRF:1
BRH:1
end_of_record
TN:
SF:src\domain\validation.ts
FN:10,validateDimension
FNF:1
FNH:1
FNDA:38,validateDimension
DA:10,1
DA:11,38
DA:12,7
DA:13,7
DA:14,38
DA:15,4
DA:16,4
DA:17,27
DA:18,27
LF:9
LH:9
BRDA:10,0,0,38
BRDA:11,1,0,36
BRDA:11,2,0,7
BRDA:13,3,0,31
BRDA:14,4,0,4
BRDA:16,5,0,27
BRF:6
BRH:6
end_of_record
TN:
SF:src\services\ExportService.ts
FN:22,toJSON
FN:59,toCSV
FN:76,download
FNF:3
FNH:3
FNDA:104,toJSON
FNDA:104,toCSV
FNDA:1,download
DA:8,1
DA:22,1
DA:23,104
DA:25,103
DA:26,603
DA:27,603
DA:28,603
DA:29,603
DA:30,603
DA:31,603
DA:32,603
DA:33,603
DA:34,603
DA:35,603
DA:36,603
DA:37,603
DA:38,103
DA:40,103
DA:41,103
DA:42,103
DA:43,103
DA:44,103
DA:45,103
DA:46,103
DA:47,103
DA:48,103
DA:50,103
DA:51,104
DA:59,1
DA:60,104
DA:62,103
DA:63,103
DA:64,607
DA:65,607
DA:66,607
DA:67,103
DA:69,103
DA:70,104
DA:76,1
DA:77,1
DA:78,1
DA:80,1
DA:81,1
DA:82,1
DA:83,1
DA:85,1
DA:86,1
DA:87,1
DA:89,1
DA:90,1
DA:91,1
LF:51
LH:51
BRDA:22,0,0,104
BRDA:23,1,0,1
BRDA:23,2,0,103
BRDA:25,3,0,603
BRDA:59,4,0,104
BRDA:60,5,0,1
BRDA:60,6,0,103
BRDA:63,7,0,607
BRDA:76,8,0,1
BRF:9
BRH:9
end_of_record
TN:
SF:src\store\SessionStore.ts
FN:15,save
FN:33,load
FN:51,clear
FN:57,isValidSessionData
FNF:4
FNH:4
FNDA:107,save
FNDA:131,load
FNDA:4,clear
FNDA:107,isValidSessionData
DA:3,1
DA:9,1
DA:15,1
DA:16,107
DA:17,107
DA:18,107
DA:19,107
DA:20,1
DA:21,1
DA:22,107
DA:33,1
DA:34,131
DA:35,131
DA:36,131
DA:38,108
DA:40,131
DA:42,103
DA:43,131
DA:44,1
DA:45,1
DA:46,131
DA:51,1
DA:52,4
DA:53,4
DA:54,1
DA:57,107
DA:58,107
DA:60,106
DA:63,106
DA:64,107
DA:66,105
DA:67,105
DA:68,105
DA:69,104
DA:70,104
DA:71,107
DA:72,1
DA:73,1
DA:76,107
DA:78,103
DA:79,103
LF:41
LH:41
BRDA:15,0,0,107
BRDA:19,1,0,1
BRDA:33,2,0,131
BRDA:36,3,0,23
BRDA:36,4,0,108
BRDA:40,5,0,4
BRDA:40,6,0,103
BRDA:43,7,0,1
BRDA:51,8,0,4
BRDA:57,9,0,107
BRDA:58,10,0,106
BRDA:58,11,0,1
BRDA:58,12,0,106
BRDA:64,13,0,105
BRDA:64,14,0,1
BRDA:64,15,0,105
BRDA:68,16,0,104
BRDA:69,17,0,104
BRDA:71,18,0,1
BRDA:73,19,0,104
BRDA:76,20,0,1
BRDA:76,21,0,103
BRF:22
BRH:22
end_of_record
